
> kubernetes-dashboard@2.5.1 start
> concurrently "SIDECAR_HOST=$npm_config_sidecar_host make watch-backend" "npm run start:frontend --bind_address=$npm_config_bind_address --port=$npm_config_port"

[0] air
[0] 
[0]   __    _   ___  
[0]  / /\  | | | |_) 
[0] /_/--\ |_| |_| \_ 1.29.0, built with Go 1.17.7
[0] 
[0] !exclude .tmp
[0] !exclude aio
[0] !exclude cypress
[0] !exclude docs
[0] !exclude i18n
[0] !exclude node_modules
[0] failed to watch /home/nycu/dashboard/src/app/backend, error: no space left on device
[0] Makefile:109: recipe for target 'watch-backend' failed
[0] make: *** [watch-backend] Error 1
[0] SIDECAR_HOST=http://localhost:8000 make watch-backend exited with code 2
[1] 
[1] > kubernetes-dashboard@2.5.1 start:frontend
[1] > make ensure-version && ng serve --proxy-config aio/proxy.conf.json --host $npm_config_bind_address --port $npm_config_port
[1] 
[1] node ./aio/scripts/version.mjs
[1] Version v2.5.1-138-gab263d64d-dirty saved to dashboard/src/app/frontend/environments/version.ts
[1] ? Port 8080 is already in use.
Would you like to use a different port? (Y/n) [46D[46C